<?xml version="1.0" encoding="UTF-8"?>
<testsuite name="tennis.kata.TennisTest" tests="132" skipped="0" failures="0" errors="0" timestamp="2022-11-14T21:10:15" hostname="MacBook-Pro-de-Iker.local" time="0.197">
  <properties/>
  <testcase name="[1] 0, 0, Love-All" classname="tennis.kata.TennisTest" time="0.028"/>
  <testcase name="[2] 1, 1, Fifteen-All" classname="tennis.kata.TennisTest" time="0.001"/>
  <testcase name="[3] 2, 2, Thirty-All" classname="tennis.kata.TennisTest" time="0.001"/>
  <testcase name="[4] 3, 3, Deuce" classname="tennis.kata.TennisTest" time="0.0"/>
  <testcase name="[5] 4, 4, Deuce" classname="tennis.kata.TennisTest" time="0.001"/>
  <testcase name="[6] 1, 0, Fifteen-Love" classname="tennis.kata.TennisTest" time="0.001"/>
  <testcase name="[7] 0, 1, Love-Fifteen" classname="tennis.kata.TennisTest" time="0.001"/>
  <testcase name="[8] 2, 0, Thirty-Love" classname="tennis.kata.TennisTest" time="0.001"/>
  <testcase name="[9] 0, 2, Love-Thirty" classname="tennis.kata.TennisTest" time="0.001"/>
  <testcase name="[10] 3, 0, Forty-Love" classname="tennis.kata.TennisTest" time="0.0"/>
  <testcase name="[11] 0, 3, Love-Forty" classname="tennis.kata.TennisTest" time="0.001"/>
  <testcase name="[12] 4, 0, Win for player1" classname="tennis.kata.TennisTest" time="0.0"/>
  <testcase name="[13] 0, 4, Win for player2" classname="tennis.kata.TennisTest" time="0.001"/>
  <testcase name="[14] 2, 1, Thirty-Fifteen" classname="tennis.kata.TennisTest" time="0.001"/>
  <testcase name="[15] 1, 2, Fifteen-Thirty" classname="tennis.kata.TennisTest" time="0.001"/>
  <testcase name="[16] 3, 1, Forty-Fifteen" classname="tennis.kata.TennisTest" time="0.001"/>
  <testcase name="[17] 1, 3, Fifteen-Forty" classname="tennis.kata.TennisTest" time="0.001"/>
  <testcase name="[18] 4, 1, Win for player1" classname="tennis.kata.TennisTest" time="0.0"/>
  <testcase name="[19] 1, 4, Win for player2" classname="tennis.kata.TennisTest" time="0.001"/>
  <testcase name="[20] 3, 2, Forty-Thirty" classname="tennis.kata.TennisTest" time="0.001"/>
  <testcase name="[21] 2, 3, Thirty-Forty" classname="tennis.kata.TennisTest" time="0.0"/>
  <testcase name="[22] 4, 2, Win for player1" classname="tennis.kata.TennisTest" time="0.0"/>
  <testcase name="[23] 2, 4, Win for player2" classname="tennis.kata.TennisTest" time="0.0"/>
  <testcase name="[24] 4, 3, Advantage player1" classname="tennis.kata.TennisTest" time="0.0"/>
  <testcase name="[25] 3, 4, Advantage player2" classname="tennis.kata.TennisTest" time="0.0"/>
  <testcase name="[26] 5, 4, Advantage player1" classname="tennis.kata.TennisTest" time="0.0"/>
  <testcase name="[27] 4, 5, Advantage player2" classname="tennis.kata.TennisTest" time="0.0"/>
  <testcase name="[28] 15, 14, Advantage player1" classname="tennis.kata.TennisTest" time="0.0"/>
  <testcase name="[29] 14, 15, Advantage player2" classname="tennis.kata.TennisTest" time="0.0"/>
  <testcase name="[30] 6, 4, Win for player1" classname="tennis.kata.TennisTest" time="0.0"/>
  <testcase name="[31] 4, 6, Win for player2" classname="tennis.kata.TennisTest" time="0.001"/>
  <testcase name="[32] 16, 14, Win for player1" classname="tennis.kata.TennisTest" time="0.001"/>
  <testcase name="[33] 14, 16, Win for player2" classname="tennis.kata.TennisTest" time="0.0"/>
  <testcase name="[1] 0, 0, Love-All" classname="tennis.kata.TennisTest" time="0.001"/>
  <testcase name="[2] 1, 1, Fifteen-All" classname="tennis.kata.TennisTest" time="0.0"/>
  <testcase name="[3] 2, 2, Thirty-All" classname="tennis.kata.TennisTest" time="0.001"/>
  <testcase name="[4] 3, 3, Deuce" classname="tennis.kata.TennisTest" time="0.001"/>
  <testcase name="[5] 4, 4, Deuce" classname="tennis.kata.TennisTest" time="0.0"/>
  <testcase name="[6] 1, 0, Fifteen-Love" classname="tennis.kata.TennisTest" time="0.006"/>
  <testcase name="[7] 0, 1, Love-Fifteen" classname="tennis.kata.TennisTest" time="0.0"/>
  <testcase name="[8] 2, 0, Thirty-Love" classname="tennis.kata.TennisTest" time="0.001"/>
  <testcase name="[9] 0, 2, Love-Thirty" classname="tennis.kata.TennisTest" time="0.0"/>
  <testcase name="[10] 3, 0, Forty-Love" classname="tennis.kata.TennisTest" time="0.0"/>
  <testcase name="[11] 0, 3, Love-Forty" classname="tennis.kata.TennisTest" time="0.0"/>
  <testcase name="[12] 4, 0, Win for player1" classname="tennis.kata.TennisTest" time="0.0"/>
  <testcase name="[13] 0, 4, Win for player2" classname="tennis.kata.TennisTest" time="0.0"/>
  <testcase name="[14] 2, 1, Thirty-Fifteen" classname="tennis.kata.TennisTest" time="0.0"/>
  <testcase name="[15] 1, 2, Fifteen-Thirty" classname="tennis.kata.TennisTest" time="0.0"/>
  <testcase name="[16] 3, 1, Forty-Fifteen" classname="tennis.kata.TennisTest" time="0.001"/>
  <testcase name="[17] 1, 3, Fifteen-Forty" classname="tennis.kata.TennisTest" time="0.0"/>
  <testcase name="[18] 4, 1, Win for player1" classname="tennis.kata.TennisTest" time="0.0"/>
  <testcase name="[19] 1, 4, Win for player2" classname="tennis.kata.TennisTest" time="0.001"/>
  <testcase name="[20] 3, 2, Forty-Thirty" classname="tennis.kata.TennisTest" time="0.0"/>
  <testcase name="[21] 2, 3, Thirty-Forty" classname="tennis.kata.TennisTest" time="0.001"/>
  <testcase name="[22] 4, 2, Win for player1" classname="tennis.kata.TennisTest" time="0.001"/>
  <testcase name="[23] 2, 4, Win for player2" classname="tennis.kata.TennisTest" time="0.0"/>
  <testcase name="[24] 4, 3, Advantage player1" classname="tennis.kata.TennisTest" time="0.0"/>
  <testcase name="[25] 3, 4, Advantage player2" classname="tennis.kata.TennisTest" time="0.001"/>
  <testcase name="[26] 5, 4, Advantage player1" classname="tennis.kata.TennisTest" time="0.001"/>
  <testcase name="[27] 4, 5, Advantage player2" classname="tennis.kata.TennisTest" time="0.001"/>
  <testcase name="[28] 15, 14, Advantage player1" classname="tennis.kata.TennisTest" time="0.001"/>
  <testcase name="[29] 14, 15, Advantage player2" classname="tennis.kata.TennisTest" time="0.001"/>
  <testcase name="[30] 6, 4, Win for player1" classname="tennis.kata.TennisTest" time="0.0"/>
  <testcase name="[31] 4, 6, Win for player2" classname="tennis.kata.TennisTest" time="0.0"/>
  <testcase name="[32] 16, 14, Win for player1" classname="tennis.kata.TennisTest" time="0.0"/>
  <testcase name="[33] 14, 16, Win for player2" classname="tennis.kata.TennisTest" time="0.0"/>
  <testcase name="[1] 0, 0, Love-All" classname="tennis.kata.TennisTest" time="0.002"/>
  <testcase name="[2] 1, 1, Fifteen-All" classname="tennis.kata.TennisTest" time="0.0"/>
  <testcase name="[3] 2, 2, Thirty-All" classname="tennis.kata.TennisTest" time="0.0"/>
  <testcase name="[4] 3, 3, Deuce" classname="tennis.kata.TennisTest" time="0.0"/>
  <testcase name="[5] 4, 4, Deuce" classname="tennis.kata.TennisTest" time="0.0"/>
  <testcase name="[6] 1, 0, Fifteen-Love" classname="tennis.kata.TennisTest" time="0.0"/>
  <testcase name="[7] 0, 1, Love-Fifteen" classname="tennis.kata.TennisTest" time="0.0"/>
  <testcase name="[8] 2, 0, Thirty-Love" classname="tennis.kata.TennisTest" time="0.0"/>
  <testcase name="[9] 0, 2, Love-Thirty" classname="tennis.kata.TennisTest" time="0.0"/>
  <testcase name="[10] 3, 0, Forty-Love" classname="tennis.kata.TennisTest" time="0.001"/>
  <testcase name="[11] 0, 3, Love-Forty" classname="tennis.kata.TennisTest" time="0.001"/>
  <testcase name="[12] 4, 0, Win for player1" classname="tennis.kata.TennisTest" time="0.001"/>
  <testcase name="[13] 0, 4, Win for player2" classname="tennis.kata.TennisTest" time="0.001"/>
  <testcase name="[14] 2, 1, Thirty-Fifteen" classname="tennis.kata.TennisTest" time="0.0"/>
  <testcase name="[15] 1, 2, Fifteen-Thirty" classname="tennis.kata.TennisTest" time="0.0"/>
  <testcase name="[16] 3, 1, Forty-Fifteen" classname="tennis.kata.TennisTest" time="0.001"/>
  <testcase name="[17] 1, 3, Fifteen-Forty" classname="tennis.kata.TennisTest" time="0.0"/>
  <testcase name="[18] 4, 1, Win for player1" classname="tennis.kata.TennisTest" time="0.0"/>
  <testcase name="[19] 1, 4, Win for player2" classname="tennis.kata.TennisTest" time="0.001"/>
  <testcase name="[20] 3, 2, Forty-Thirty" classname="tennis.kata.TennisTest" time="0.001"/>
  <testcase name="[21] 2, 3, Thirty-Forty" classname="tennis.kata.TennisTest" time="0.0"/>
  <testcase name="[22] 4, 2, Win for player1" classname="tennis.kata.TennisTest" time="0.0"/>
  <testcase name="[23] 2, 4, Win for player2" classname="tennis.kata.TennisTest" time="0.0"/>
  <testcase name="[24] 4, 3, Advantage player1" classname="tennis.kata.TennisTest" time="0.001"/>
  <testcase name="[25] 3, 4, Advantage player2" classname="tennis.kata.TennisTest" time="0.001"/>
  <testcase name="[26] 5, 4, Advantage player1" classname="tennis.kata.TennisTest" time="0.001"/>
  <testcase name="[27] 4, 5, Advantage player2" classname="tennis.kata.TennisTest" time="0.001"/>
  <testcase name="[28] 15, 14, Advantage player1" classname="tennis.kata.TennisTest" time="0.0"/>
  <testcase name="[29] 14, 15, Advantage player2" classname="tennis.kata.TennisTest" time="0.0"/>
  <testcase name="[30] 6, 4, Win for player1" classname="tennis.kata.TennisTest" time="0.0"/>
  <testcase name="[31] 4, 6, Win for player2" classname="tennis.kata.TennisTest" time="0.0"/>
  <testcase name="[32] 16, 14, Win for player1" classname="tennis.kata.TennisTest" time="0.0"/>
  <testcase name="[33] 14, 16, Win for player2" classname="tennis.kata.TennisTest" time="0.0"/>
  <testcase name="[1] 0, 0, Love-All" classname="tennis.kata.TennisTest" time="0.002"/>
  <testcase name="[2] 1, 1, Fifteen-All" classname="tennis.kata.TennisTest" time="0.0"/>
  <testcase name="[3] 2, 2, Thirty-All" classname="tennis.kata.TennisTest" time="0.0"/>
  <testcase name="[4] 3, 3, Deuce" classname="tennis.kata.TennisTest" time="0.001"/>
  <testcase name="[5] 4, 4, Deuce" classname="tennis.kata.TennisTest" time="0.001"/>
  <testcase name="[6] 1, 0, Fifteen-Love" classname="tennis.kata.TennisTest" time="0.001"/>
  <testcase name="[7] 0, 1, Love-Fifteen" classname="tennis.kata.TennisTest" time="0.001"/>
  <testcase name="[8] 2, 0, Thirty-Love" classname="tennis.kata.TennisTest" time="0.001"/>
  <testcase name="[9] 0, 2, Love-Thirty" classname="tennis.kata.TennisTest" time="0.0"/>
  <testcase name="[10] 3, 0, Forty-Love" classname="tennis.kata.TennisTest" time="0.0"/>
  <testcase name="[11] 0, 3, Love-Forty" classname="tennis.kata.TennisTest" time="0.0"/>
  <testcase name="[12] 4, 0, Win for player1" classname="tennis.kata.TennisTest" time="0.0"/>
  <testcase name="[13] 0, 4, Win for player2" classname="tennis.kata.TennisTest" time="0.0"/>
  <testcase name="[14] 2, 1, Thirty-Fifteen" classname="tennis.kata.TennisTest" time="0.0"/>
  <testcase name="[15] 1, 2, Fifteen-Thirty" classname="tennis.kata.TennisTest" time="0.0"/>
  <testcase name="[16] 3, 1, Forty-Fifteen" classname="tennis.kata.TennisTest" time="0.001"/>
  <testcase name="[17] 1, 3, Fifteen-Forty" classname="tennis.kata.TennisTest" time="0.0"/>
  <testcase name="[18] 4, 1, Win for player1" classname="tennis.kata.TennisTest" time="0.0"/>
  <testcase name="[19] 1, 4, Win for player2" classname="tennis.kata.TennisTest" time="0.0"/>
  <testcase name="[20] 3, 2, Forty-Thirty" classname="tennis.kata.TennisTest" time="0.001"/>
  <testcase name="[21] 2, 3, Thirty-Forty" classname="tennis.kata.TennisTest" time="0.001"/>
  <testcase name="[22] 4, 2, Win for player1" classname="tennis.kata.TennisTest" time="0.001"/>
  <testcase name="[23] 2, 4, Win for player2" classname="tennis.kata.TennisTest" time="0.001"/>
  <testcase name="[24] 4, 3, Advantage player1" classname="tennis.kata.TennisTest" time="0.001"/>
  <testcase name="[25] 3, 4, Advantage player2" classname="tennis.kata.TennisTest" time="0.001"/>
  <testcase name="[26] 5, 4, Advantage player1" classname="tennis.kata.TennisTest" time="0.001"/>
  <testcase name="[27] 4, 5, Advantage player2" classname="tennis.kata.TennisTest" time="0.001"/>
  <testcase name="[28] 15, 14, Advantage player1" classname="tennis.kata.TennisTest" time="0.001"/>
  <testcase name="[29] 14, 15, Advantage player2" classname="tennis.kata.TennisTest" time="0.0"/>
  <testcase name="[30] 6, 4, Win for player1" classname="tennis.kata.TennisTest" time="0.0"/>
  <testcase name="[31] 4, 6, Win for player2" classname="tennis.kata.TennisTest" time="0.0"/>
  <testcase name="[32] 16, 14, Win for player1" classname="tennis.kata.TennisTest" time="0.001"/>
  <testcase name="[33] 14, 16, Win for player2" classname="tennis.kata.TennisTest" time="0.0"/>
  <system-out><![CDATA[]]></system-out>
  <system-err><![CDATA[]]></system-err>
</testsuite>
